This is pdfTeX, Version 3.14159265-2.6-1.40.15 (TeX Live 2014) (preloaded format=pdflatex 2014.5.25)  18 AUG 2014 03:20
entering extended mode
 restricted \write18 enabled.
 %&-line parsing enabled.
**TechReport.tex
(./TechReport.tex
LaTeX2e <2014/05/01>
Babel <3.9k> and hyphenation patterns for 78 languages loaded.
(/usr/local/texlive/2014/texmf-dist/tex/latex/base/article.cls
Document Class: article 2007/10/19 v1.4h Standard LaTeX document class
(/usr/local/texlive/2014/texmf-dist/tex/latex/base/size11.clo
File: size11.clo 2007/10/19 v1.4h Standard LaTeX file (size option)
)
\c@part=\count79
\c@section=\count80
\c@subsection=\count81
\c@subsubsection=\count82
\c@paragraph=\count83
\c@subparagraph=\count84
\c@figure=\count85
\c@table=\count86
\abovecaptionskip=\skip41
\belowcaptionskip=\skip42
\bibindent=\dimen102
) (./acl2012.sty
Conference Style for ACL 2005 -- released Octobe 11, 2004
\titlebox=\skip43
) (/usr/local/texlive/2014/texmf-dist/tex/latex/psnfss/times.sty
Package: times 2005/04/12 PSNFSS-v9.2a (SPQR) 
)
(/usr/local/texlive/2014/texmf-dist/tex/latex/base/latexsym.sty
Package: latexsym 1998/08/17 v2.2e Standard LaTeX package (lasy symbols)
\symlasy=\mathgroup4
LaTeX Font Info:    Overwriting symbol font `lasy' in version `bold'
(Font)                  U/lasy/m/n --> U/lasy/b/n on input line 47.
)
(/usr/local/texlive/2014/texmf-dist/tex/latex/amsmath/amsmath.sty
Package: amsmath 2013/01/14 v2.14 AMS math features
\@mathmargin=\skip44

For additional information on amsmath, use the `?' option.
(/usr/local/texlive/2014/texmf-dist/tex/latex/amsmath/amstext.sty
Package: amstext 2000/06/29 v2.01

(/usr/local/texlive/2014/texmf-dist/tex/latex/amsmath/amsgen.sty
File: amsgen.sty 1999/11/30 v2.0
\@emptytoks=\toks14
\ex@=\dimen103
))
(/usr/local/texlive/2014/texmf-dist/tex/latex/amsmath/amsbsy.sty
Package: amsbsy 1999/11/29 v1.2d
\pmbraise@=\dimen104
)
(/usr/local/texlive/2014/texmf-dist/tex/latex/amsmath/amsopn.sty
Package: amsopn 1999/12/14 v2.01 operator names
)
\inf@bad=\count87
LaTeX Info: Redefining \frac on input line 210.
\uproot@=\count88
\leftroot@=\count89
LaTeX Info: Redefining \overline on input line 306.
\classnum@=\count90
\DOTSCASE@=\count91
LaTeX Info: Redefining \ldots on input line 378.
LaTeX Info: Redefining \dots on input line 381.
LaTeX Info: Redefining \cdots on input line 466.
\Mathstrutbox@=\box26
\strutbox@=\box27
\big@size=\dimen105
LaTeX Font Info:    Redeclaring font encoding OML on input line 566.
LaTeX Font Info:    Redeclaring font encoding OMS on input line 567.
\macc@depth=\count92
\c@MaxMatrixCols=\count93
\dotsspace@=\muskip10
\c@parentequation=\count94
\dspbrk@lvl=\count95
\tag@help=\toks15
\row@=\count96
\column@=\count97
\maxfields@=\count98
\andhelp@=\toks16
\eqnshift@=\dimen106
\alignsep@=\dimen107
\tagshift@=\dimen108
\tagwidth@=\dimen109
\totwidth@=\dimen110
\lineht@=\dimen111
\@envbody=\toks17
\multlinegap=\skip45
\multlinetaggap=\skip46
\mathdisplay@stack=\toks18
LaTeX Info: Redefining \[ on input line 2665.
LaTeX Info: Redefining \] on input line 2666.
)
(/usr/local/texlive/2014/texmf-dist/tex/latex/multirow/multirow.sty
\bigstrutjot=\dimen112
)
(/usr/local/texlive/2014/texmf-dist/tex/latex/url/url.sty
\Urlmuskip=\muskip11
Package: url 2013/09/16  ver 3.4  Verb mode for urls, etc.
)
(/usr/local/texlive/2014/texmf-dist/tex/latex/graphics/graphicx.sty
Package: graphicx 2014/04/25 v1.0g Enhanced LaTeX Graphics (DPC,SPQR)

(/usr/local/texlive/2014/texmf-dist/tex/latex/graphics/keyval.sty
Package: keyval 2014/05/08 v1.15 key=value parser (DPC)
\KV@toks@=\toks19
)
(/usr/local/texlive/2014/texmf-dist/tex/latex/graphics/graphics.sty
Package: graphics 2009/02/05 v1.0o Standard LaTeX Graphics (DPC,SPQR)

(/usr/local/texlive/2014/texmf-dist/tex/latex/graphics/trig.sty
Package: trig 1999/03/16 v1.09 sin cos tan (DPC)
)
(/usr/local/texlive/2014/texmf-dist/tex/latex/latexconfig/graphics.cfg
File: graphics.cfg 2010/04/23 v1.9 graphics configuration of TeX Live
)
Package graphics Info: Driver file: pdftex.def on input line 91.

(/usr/local/texlive/2014/texmf-dist/tex/latex/pdftex-def/pdftex.def
File: pdftex.def 2011/05/27 v0.06d Graphics/color for pdfTeX

(/usr/local/texlive/2014/texmf-dist/tex/generic/oberdiek/infwarerr.sty
Package: infwarerr 2010/04/08 v1.3 Providing info/warning/error messages (HO)
)
(/usr/local/texlive/2014/texmf-dist/tex/generic/oberdiek/ltxcmds.sty
Package: ltxcmds 2011/11/09 v1.22 LaTeX kernel commands for general use (HO)
)
\Gread@gobject=\count99
))
\Gin@req@height=\dimen113
\Gin@req@width=\dimen114
)
(./TechReport.aux)
\openout1 = `TechReport.aux'.

LaTeX Font Info:    Checking defaults for OML/cmm/m/it on input line 37.
LaTeX Font Info:    ... okay on input line 37.
LaTeX Font Info:    Checking defaults for T1/cmr/m/n on input line 37.
LaTeX Font Info:    ... okay on input line 37.
LaTeX Font Info:    Checking defaults for OT1/cmr/m/n on input line 37.
LaTeX Font Info:    ... okay on input line 37.
LaTeX Font Info:    Checking defaults for OMS/cmsy/m/n on input line 37.
LaTeX Font Info:    ... okay on input line 37.
LaTeX Font Info:    Checking defaults for OMX/cmex/m/n on input line 37.
LaTeX Font Info:    ... okay on input line 37.
LaTeX Font Info:    Checking defaults for U/cmr/m/n on input line 37.
LaTeX Font Info:    ... okay on input line 37.
LaTeX Font Info:    Try loading font information for OT1+ptm on input line 37.

(/usr/local/texlive/2014/texmf-dist/tex/latex/psnfss/ot1ptm.fd
File: ot1ptm.fd 2001/06/04 font definitions for OT1/ptm.
)
(/usr/local/texlive/2014/texmf-dist/tex/context/base/supp-pdf.mkii
[Loading MPS to PDF converter (version 2006.09.02).]
\scratchcounter=\count100
\scratchdimen=\dimen115
\scratchbox=\box28
\nofMPsegments=\count101
\nofMParguments=\count102
\everyMPshowfont=\toks20
\MPscratchCnt=\count103
\MPscratchDim=\dimen116
\MPnumerator=\count104
\makeMPintoPDFobject=\count105
\everyMPtoPDFconversion=\toks21
) (/usr/local/texlive/2014/texmf-dist/tex/generic/oberdiek/pdftexcmds.sty
Package: pdftexcmds 2011/11/29 v0.20 Utility functions of pdfTeX for LuaTeX (HO
)

(/usr/local/texlive/2014/texmf-dist/tex/generic/oberdiek/ifluatex.sty
Package: ifluatex 2010/03/01 v1.3 Provides the ifluatex switch (HO)
Package ifluatex Info: LuaTeX not detected.
)
(/usr/local/texlive/2014/texmf-dist/tex/generic/oberdiek/ifpdf.sty
Package: ifpdf 2011/01/30 v2.3 Provides the ifpdf switch (HO)
Package ifpdf Info: pdfTeX in PDF mode is detected.
)
Package pdftexcmds Info: LuaTeX not detected.
Package pdftexcmds Info: \pdf@primitive is available.
Package pdftexcmds Info: \pdf@ifprimitive is available.
Package pdftexcmds Info: \pdfdraftmode found.
)
(/usr/local/texlive/2014/texmf-dist/tex/latex/oberdiek/epstopdf-base.sty
Package: epstopdf-base 2010/02/09 v2.5 Base part for package epstopdf

(/usr/local/texlive/2014/texmf-dist/tex/latex/oberdiek/grfext.sty
Package: grfext 2010/08/19 v1.1 Manage graphics extensions (HO)

(/usr/local/texlive/2014/texmf-dist/tex/generic/oberdiek/kvdefinekeys.sty
Package: kvdefinekeys 2011/04/07 v1.3 Define keys (HO)
))
(/usr/local/texlive/2014/texmf-dist/tex/latex/oberdiek/kvoptions.sty
Package: kvoptions 2011/06/30 v3.11 Key value format for package options (HO)

(/usr/local/texlive/2014/texmf-dist/tex/generic/oberdiek/kvsetkeys.sty
Package: kvsetkeys 2012/04/25 v1.16 Key value parser (HO)

(/usr/local/texlive/2014/texmf-dist/tex/generic/oberdiek/etexcmds.sty
Package: etexcmds 2011/02/16 v1.5 Avoid name clashes with e-TeX commands (HO)
Package etexcmds Info: Could not find \expanded.
(etexcmds)             That can mean that you are not using pdfTeX 1.50 or
(etexcmds)             that some package has redefined \expanded.
(etexcmds)             In the latter case, load this package earlier.
)))
Package grfext Info: Graphics extension search list:
(grfext)             [.png,.pdf,.jpg,.mps,.jpeg,.jbig2,.jb2,.PNG,.PDF,.JPG,.JPE
G,.JBIG2,.JB2,.eps]
(grfext)             \AppendGraphicsExtensions on input line 452.

(/usr/local/texlive/2014/texmf-dist/tex/latex/latexconfig/epstopdf-sys.cfg
File: epstopdf-sys.cfg 2010/07/13 v1.3 Configuration of (r)epstopdf for TeX Liv
e
))
LaTeX Font Info:    Font shape `OT1/ptm/bx/n' in size <14.4> not available
(Font)              Font shape `OT1/ptm/b/n' tried instead on input line 38.
LaTeX Font Info:    Try loading font information for U+lasy on input line 38.

(/usr/local/texlive/2014/texmf-dist/tex/latex/base/ulasy.fd
File: ulasy.fd 1998/08/17 v2.2e LaTeX symbol font definitions
)
LaTeX Font Info:    Font shape `OT1/ptm/bx/n' in size <12> not available
(Font)              Font shape `OT1/ptm/b/n' tried instead on input line 38.
LaTeX Font Info:    Try loading font information for OT1+pcr on input line 38.

(/usr/local/texlive/2014/texmf-dist/tex/latex/psnfss/ot1pcr.fd
File: ot1pcr.fd 2001/06/04 font definitions for OT1/pcr.
)
Underfull \hbox (badness 3138) in paragraph at lines 45--49
\OT1/ptm/m/n/10.95 trans-la-tors hired on Ama-zon Me-chan-i-cal Turk
 []

LaTeX Font Info:    Font shape `OT1/ptm/bx/n' in size <10.95> not available
(Font)              Font shape `OT1/ptm/b/n' tried instead on input line 56.

Underfull \hbox (badness 10000) in paragraph at lines 58--60
\OT1/ptm/m/n/10.95 Burch (2011) through Ama-zon's Me-chan-i-cal
 []

Missing character: There is no â in font ptmr7t!
Missing character: There is no € in font ptmr7t!
Missing character: There is no “ in font ptmr7t!
[1{/usr/local/texlive/2014/texmf-var/fonts/map/pdftex/updmap/pdftex.map}




]
LaTeX Font Info:    Try loading font information for OMS+ptm on input line 70.

(/usr/local/texlive/2014/texmf-dist/tex/latex/psnfss/omsptm.fd
File: omsptm.fd 
)
LaTeX Font Info:    Font shape `OMS/ptm/m/n' in size <10.95> not available
(Font)              Font shape `OMS/cmsy/m/n' tried instead on input line 70.
 [2]
Underfull \hbox (badness 10000) in paragraph at lines 99--100

 []


LaTeX Warning: Citation `hall2009weka' on page 3 undefined on input line 132.


LaTeX Warning: Citation `hall2009weka' on page 3 undefined on input line 149.


Underfull \hbox (badness 1852) in paragraph at lines 167--168
\OT1/ptm/m/n/10.95 As men-tioned above, we train a lin-ear model
 []

[3] <Senfeature/rrankingsenfeatureranking.pdf, id=25, 505.89pt x 505.89pt>
File: Senfeature/rrankingsenfeatureranking.pdf Graphic file (type pdf)

<use Senfeature/rrankingsenfeatureranking.pdf>
Package pdftex.def Info: Senfeature/rrankingsenfeatureranking.pdf used on input
 line 195.
(pdftex.def)             Requested size: 227.6506pt x 227.6561pt.

<Senfeature/rrankingsenfeatureranking2.pdf, id=26, 505.89pt x 505.89pt>
File: Senfeature/rrankingsenfeatureranking2.pdf Graphic file (type pdf)

<use Senfeature/rrankingsenfeatureranking2.pdf>
Package pdftex.def Info: Senfeature/rrankingsenfeatureranking2.pdf used on inpu
t line 202.
(pdftex.def)             Requested size: 227.6506pt x 227.6561pt.

<Senfeature/senrorder.pdf, id=27, 505.89pt x 505.89pt>
File: Senfeature/senrorder.pdf Graphic file (type pdf)

<use Senfeature/senrorder.pdf>
Package pdftex.def Info: Senfeature/senrorder.pdf used on input line 209.
(pdftex.def)             Requested size: 227.6506pt x 227.6561pt.

<Workerfeature/rrankingworkerfeaturelm.pdf, id=28, 505.89pt x 505.89pt>
File: Workerfeature/rrankingworkerfeaturelm.pdf Graphic file (type pdf)

<use Workerfeature/rrankingworkerfeaturelm.pdf>
Package pdftex.def Info: Workerfeature/rrankingworkerfeaturelm.pdf used on inpu
t line 216.
(pdftex.def)             Requested size: 227.6506pt x 227.6561pt.

<Workerfeature/rrankingworkerfeaturelm2.pdf, id=29, 505.89pt x 505.89pt>
File: Workerfeature/rrankingworkerfeaturelm2.pdf Graphic file (type pdf)

<use Workerfeature/rrankingworkerfeaturelm2.pdf>
Package pdftex.def Info: Workerfeature/rrankingworkerfeaturelm2.pdf used on inp
ut line 223.
(pdftex.def)             Requested size: 227.6506pt x 227.6561pt.

<Workerfeature/workerfeatureorderlm.pdf, id=30, 505.89pt x 505.89pt>
File: Workerfeature/workerfeatureorderlm.pdf Graphic file (type pdf)

<use Workerfeature/workerfeatureorderlm.pdf>
Package pdftex.def Info: Workerfeature/workerfeatureorderlm.pdf used on input l
ine 230.
(pdftex.def)             Requested size: 227.6506pt x 227.6561pt.

<RankingFeature/rrankingrankingfeaturelm.pdf, id=31, 505.89pt x 505.89pt>
File: RankingFeature/rrankingrankingfeaturelm.pdf Graphic file (type pdf)

<use RankingFeature/rrankingrankingfeaturelm.pdf>
Package pdftex.def Info: RankingFeature/rrankingrankingfeaturelm.pdf used on in
put line 238.
(pdftex.def)             Requested size: 227.6506pt x 227.6561pt.
 [4 <./Senfeature/rrankingsenfeatureranking.pdf>] [5 <./Senfeature/rrankingsenf
eatureranking2.pdf> <./Senfeature/senrorder.pdf> <./Workerfeature/rrankingworke
rfeaturelm.pdf> <./Workerfeature/rrankingworkerfeaturelm2.pdf>]
<RankingFeature/rrankingrankingfeaturelm2.pdf, id=69, 505.89pt x 505.89pt>
File: RankingFeature/rrankingrankingfeaturelm2.pdf Graphic file (type pdf)

<use RankingFeature/rrankingrankingfeaturelm2.pdf>
Package pdftex.def Info: RankingFeature/rrankingrankingfeaturelm2.pdf used on i
nput line 245.
(pdftex.def)             Requested size: 227.6506pt x 227.6561pt.

<RankingFeature/rankfeatureorderlm.pdf, id=70, 505.89pt x 505.89pt>
File: RankingFeature/rankfeatureorderlm.pdf Graphic file (type pdf)

<use RankingFeature/rankfeatureorderlm.pdf>
Package pdftex.def Info: RankingFeature/rankfeatureorderlm.pdf used on input li
ne 252.
(pdftex.def)             Requested size: 227.6506pt x 227.6561pt.

<AllFeatureWithCali/rrankingallfeaturewithcalilm.pdf, id=71, 505.89pt x 505.89p
t>
File: AllFeatureWithCali/rrankingallfeaturewithcalilm.pdf Graphic file (type pd
f)
 <use AllFeatureWithCali/rrankingallfeaturewithcalilm.pdf>
Package pdftex.def Info: AllFeatureWithCali/rrankingallfeaturewithcalilm.pdf us
ed on input line 260.
(pdftex.def)             Requested size: 227.6506pt x 227.6561pt.

<AllFeatureWithCali/rrankingallfeaturewithcalilm2.pdf, id=72, 505.89pt x 505.89
pt>
File: AllFeatureWithCali/rrankingallfeaturewithcalilm2.pdf Graphic file (type p
df)
 <use AllFeatureWithCali/rrankingallfeaturewithcalilm2.pdf>
Package pdftex.def Info: AllFeatureWithCali/rrankingallfeaturewithcalilm2.pdf u
sed on input line 267.
(pdftex.def)             Requested size: 227.6506pt x 227.6561pt.

<AllFeatureWithCali/allfeaturewithcaliorderlm.pdf, id=73, 505.89pt x 505.89pt>
File: AllFeatureWithCali/allfeaturewithcaliorderlm.pdf Graphic file (type pdf)

<use AllFeatureWithCali/allfeaturewithcaliorderlm.pdf>
Package pdftex.def Info: AllFeatureWithCali/allfeaturewithcaliorderlm.pdf used 
on input line 274.
(pdftex.def)             Requested size: 227.6506pt x 227.6561pt.

<Senfeature/rrankingsenfeatureDT.pdf, id=74, 505.89pt x 505.89pt>
File: Senfeature/rrankingsenfeatureDT.pdf Graphic file (type pdf)

<use Senfeature/rrankingsenfeatureDT.pdf>
Package pdftex.def Info: Senfeature/rrankingsenfeatureDT.pdf used on input line
 299.
(pdftex.def)             Requested size: 227.6506pt x 227.6561pt.

<Senfeature/rrankingsenfeatureDT2.pdf, id=75, 505.89pt x 505.89pt>
File: Senfeature/rrankingsenfeatureDT2.pdf Graphic file (type pdf)

<use Senfeature/rrankingsenfeatureDT2.pdf>
Package pdftex.def Info: Senfeature/rrankingsenfeatureDT2.pdf used on input lin
e 306.
(pdftex.def)             Requested size: 227.6506pt x 227.6561pt.

<Senfeature/senroederDT.pdf, id=76, 505.89pt x 505.89pt>
File: Senfeature/senroederDT.pdf Graphic file (type pdf)

<use Senfeature/senroederDT.pdf>
Package pdftex.def Info: Senfeature/senroederDT.pdf used on input line 313.
(pdftex.def)             Requested size: 227.6506pt x 227.6561pt.
 [6 <./Workerfeature/workerfeatureorderlm.pdf> <./RankingFeature/rrankingrankin
gfeaturelm.pdf> <./RankingFeature/rrankingrankingfeaturelm2.pdf>] [7 <./Ranking
Feature/rankfeatureorderlm.pdf> <./AllFeatureWithCali/rrankingallfeaturewithcal
ilm.pdf> <./AllFeatureWithCali/rrankingallfeaturewithcalilm2.pdf> <./AllFeature
WithCali/allfeaturewithcaliorderlm.pdf>]
<Workerfeature/rrankingworkerfeaturedt.pdf, id=129, 505.89pt x 505.89pt>
File: Workerfeature/rrankingworkerfeaturedt.pdf Graphic file (type pdf)

<use Workerfeature/rrankingworkerfeaturedt.pdf>
Package pdftex.def Info: Workerfeature/rrankingworkerfeaturedt.pdf used on inpu
t line 321.
(pdftex.def)             Requested size: 227.6506pt x 227.6561pt.

<Workerfeature/rrankingworkerfeaturedt2.pdf, id=130, 505.89pt x 505.89pt>
File: Workerfeature/rrankingworkerfeaturedt2.pdf Graphic file (type pdf)

<use Workerfeature/rrankingworkerfeaturedt2.pdf>
Package pdftex.def Info: Workerfeature/rrankingworkerfeaturedt2.pdf used on inp
ut line 328.
(pdftex.def)             Requested size: 227.6506pt x 227.6561pt.

<Workerfeature/workerfeatureorderdt.pdf, id=131, 505.89pt x 505.89pt>
File: Workerfeature/workerfeatureorderdt.pdf Graphic file (type pdf)

<use Workerfeature/workerfeatureorderdt.pdf>
Package pdftex.def Info: Workerfeature/workerfeatureorderdt.pdf used on input l
ine 335.
(pdftex.def)             Requested size: 227.6506pt x 227.6561pt.

<Rankingfeature/rrankingrankingfeaturedt.pdf, id=132, 505.89pt x 505.89pt>
File: Rankingfeature/rrankingrankingfeaturedt.pdf Graphic file (type pdf)

<use Rankingfeature/rrankingrankingfeaturedt.pdf>
Package pdftex.def Info: Rankingfeature/rrankingrankingfeaturedt.pdf used on in
put line 344.
(pdftex.def)             Requested size: 227.6506pt x 227.6561pt.

<Rankingfeature/rrankingrankingfeaturedt2.pdf, id=133, 505.89pt x 505.89pt>
File: Rankingfeature/rrankingrankingfeaturedt2.pdf Graphic file (type pdf)

<use Rankingfeature/rrankingrankingfeaturedt2.pdf>
Package pdftex.def Info: Rankingfeature/rrankingrankingfeaturedt2.pdf used on i
nput line 351.
(pdftex.def)             Requested size: 227.6506pt x 227.6561pt.

<Rankingfeature/rankfeatureorderdt.pdf, id=134, 505.89pt x 505.89pt>
File: Rankingfeature/rankfeatureorderdt.pdf Graphic file (type pdf)

<use Rankingfeature/rankfeatureorderdt.pdf>
Package pdftex.def Info: Rankingfeature/rankfeatureorderdt.pdf used on input li
ne 358.
(pdftex.def)             Requested size: 227.6506pt x 227.6561pt.

<AllFeatureWithCali/rrankingallfeaturewithcalidt.pdf, id=135, 505.89pt x 505.89
pt>
File: AllFeatureWithCali/rrankingallfeaturewithcalidt.pdf Graphic file (type pd
f)
 <use AllFeatureWithCali/rrankingallfeaturewithcalidt.pdf>
Package pdftex.def Info: AllFeatureWithCali/rrankingallfeaturewithcalidt.pdf us
ed on input line 367.
(pdftex.def)             Requested size: 227.6506pt x 227.6561pt.

<AllFeatureWithCali/rrankingallfeaturewithcalidt2.pdf, id=136, 505.89pt x 505.8
9pt>
File: AllFeatureWithCali/rrankingallfeaturewithcalidt2.pdf Graphic file (type p
df)
 <use AllFeatureWithCali/rrankingallfeaturewithcalidt2.pdf>
Package pdftex.def Info: AllFeatureWithCali/rrankingallfeaturewithcalidt2.pdf u
sed on input line 374.
(pdftex.def)             Requested size: 227.6506pt x 227.6561pt.

<AllFeatureWithCali/allfeaturewithcaliorderdt.pdf, id=137, 505.89pt x 505.89pt>
File: AllFeatureWithCali/allfeaturewithcaliorderdt.pdf Graphic file (type pdf)
<use AllFeatureWithCali/allfeaturewithcaliorderdt.pdf>
Package pdftex.def Info: AllFeatureWithCali/allfeaturewithcaliorderdt.pdf used 
on input line 381.
(pdftex.def)             Requested size: 227.6506pt x 227.6561pt.

<AllFeatureWithCali/allcalirankinglrorder.pdf, id=138, 505.89pt x 505.89pt>
File: AllFeatureWithCali/allcalirankinglrorder.pdf Graphic file (type pdf)

<use AllFeatureWithCali/allcalirankinglrorder.pdf>
Package pdftex.def Info: AllFeatureWithCali/allcalirankinglrorder.pdf used on i
nput line 408.
(pdftex.def)             Requested size: 227.6506pt x 227.6561pt.
 [8 <./Senfeature/rrankingsenfeatureDT.pdf> <./Senfeature/rrankingsenfeatureDT2
.pdf> <./Senfeature/senroederDT.pdf>] [9 <./Workerfeature/rrankingworkerfeature
dt.pdf> <./Workerfeature/rrankingworkerfeaturedt2.pdf> <./Workerfeature/workerf
eatureorderdt.pdf> <./Rankingfeature/rrankingrankingfeaturedt.pdf>] [10 <./Rank
ingfeature/rrankingrankingfeaturedt2.pdf> <./Rankingfeature/rankfeatureorderdt.
pdf> <./AllFeatureWithCali/rrankingallfeaturewithcalidt.pdf> <./AllFeatureWithC
ali/rrankingallfeaturewithcalidt2.pdf>] [11 <./AllFeatureWithCali/allfeaturewit
hcaliorderdt.pdf> <./AllFeatureWithCali/allcalirankinglrorder.pdf>]
<WorkerPerf/workerperform.pdf, id=235, 505.89pt x 505.89pt>
File: WorkerPerf/workerperform.pdf Graphic file (type pdf)

<use WorkerPerf/workerperform.pdf>
Package pdftex.def Info: WorkerPerf/workerperform.pdf used on input line 420.
(pdftex.def)             Requested size: 227.6506pt x 227.6561pt.

<WorkerPerf/corr.pdf, id=236, 505.89pt x 505.89pt>
File: WorkerPerf/corr.pdf Graphic file (type pdf)
 <use WorkerPerf/corr.pdf>
Package pdftex.def Info: WorkerPerf/corr.pdf used on input line 431.
(pdftex.def)             Requested size: 227.6506pt x 227.6561pt.

<WorkerPerf/corrnormalized.pdf, id=237, 505.89pt x 505.89pt>
File: WorkerPerf/corrnormalized.pdf Graphic file (type pdf)

<use WorkerPerf/corrnormalized.pdf>
Package pdftex.def Info: WorkerPerf/corrnormalized.pdf used on input line 438.
(pdftex.def)             Requested size: 227.6506pt x 227.6561pt.

Underfull \hbox (badness 1259) in paragraph at lines 445--446
[]\OT1/ptm/m/n/10.95 For the first ap-proach, as men-tioned in sec-
 []

[12 <./WorkerPerf/workerperform.pdf> <./WorkerPerf/corr.pdf>]
Underfull \hbox (badness 1189) in paragraph at lines 461--462
\OT1/ptm/m/n/10.95 mod-els to sep-a-rate ac-cept-able and un-ac-cept-able
 []


Underfull \hbox (badness 1466) in paragraph at lines 461--462
\OT1/ptm/m/n/10.95 trans-la-tion can-di-dates. Can-di-dates with BLEU
 []

[13 <./WorkerPerf/corrnormalized.pdf>]

LaTeX Warning: Citation `sheng2008get' on page 14 undefined on input line 463.


LaTeX Warning: Citation `sheng2008get' on page 14 undefined on input line 463.


LaTeX Warning: Citation `sheng2008get' on page 14 undefined on input line 463.


LaTeX Warning: Citation `sheng2008get' on page 14 undefined on input line 465.


LaTeX Warning: Citation `sheng2008get' on page 14 undefined on input line 469.


LaTeX Warning: Citation `passonneau2013benefits' on page 14 undefined on input 
line 480.

[14]

LaTeX Warning: Citation `passonneau2013benefits' on page 15 undefined on input 
line 482.

(./TechReport.bbl) [15

] (./TechReport.aux) ) 
Here is how much of TeX's memory you used:
 2540 strings out of 493117
 38687 string characters out of 6135433
 104040 words of memory out of 5000000
 5906 multiletter control sequences out of 15000+600000
 29407 words of font info for 69 fonts, out of 8000000 for 9000
 1141 hyphenation exceptions out of 8191
 37i,9n,23p,1815b,263s stack positions out of 5000i,500n,10000p,200000b,80000s
{/usr/local/texlive/2014/texmf-dist/fonts/enc/dvips/base/
8r.enc}</usr/local/texlive/2014/texmf-dist/fonts/type1/public/amsfonts/cm/cmex1
0.pfb></usr/local/texlive/2014/texmf-dist/fonts/type1/public/amsfonts/cm/cmmi10
.pfb></usr/local/texlive/2014/texmf-dist/fonts/type1/public/amsfonts/cm/cmmi6.p
fb></usr/local/texlive/2014/texmf-dist/fonts/type1/public/amsfonts/cm/cmmi8.pfb
></usr/local/texlive/2014/texmf-dist/fonts/type1/public/amsfonts/cm/cmr10.pfb><
/usr/local/texlive/2014/texmf-dist/fonts/type1/public/amsfonts/cm/cmr6.pfb></us
r/local/texlive/2014/texmf-dist/fonts/type1/public/amsfonts/cm/cmr8.pfb></usr/l
ocal/texlive/2014/texmf-dist/fonts/type1/public/amsfonts/cm/cmsy10.pfb></usr/lo
cal/texlive/2014/texmf-dist/fonts/type1/public/amsfonts/cm/cmsy8.pfb></usr/loca
l/texlive/2014/texmf-dist/fonts/type1/urw/courier/ucrr8a.pfb></usr/local/texliv
e/2014/texmf-dist/fonts/type1/urw/times/utmb8a.pfb></usr/local/texlive/2014/tex
mf-dist/fonts/type1/urw/times/utmr8a.pfb></usr/local/texlive/2014/texmf-dist/fo
nts/type1/urw/times/utmri8a.pfb>
Output written on TechReport.pdf (15 pages, 322078 bytes).
PDF statistics:
 317 PDF objects out of 1000 (max. 8388607)
 227 compressed objects within 3 object streams
 0 named destinations out of 1000 (max. 500000)
 141 words of extra memory for PDF output out of 10000 (max. 10000000)

